
supercritical A  =  0.300000002061154

IH.i =  230   IH.r =  0.00364568038616325
IH.ep =  3.64568038616325e-05   IH.em =  3.6095845407557e-05

OH.i =  235   OH.r =  0.00383164672531003
OH.ep =  3.83164672531003e-05   OH.em =  3.79370962901983e-05



supercritical A  =  0.300000003755667

IH.i =  230   IH.r =  0.00364568038616325
IH.ep =  3.64568038616325e-05   IH.em =  3.6095845407557e-05

OH.i =  235   OH.r =  0.00383164672531003
OH.ep =  3.83164672531003e-05   OH.em =  3.79370962901983e-05



supercritical A  =  0.300000006192048

IH.i =  230   IH.r =  0.00364568038616325
IH.ep =  3.64568038616325e-05   IH.em =  3.6095845407557e-05

OH.i =  235   OH.r =  0.00383164672531003
OH.ep =  3.83164672531003e-05   OH.em =  3.79370962901983e-05



supercritical A  =  0.300000004150654

IH.i =  230   IH.r =  0.00364568038616325
IH.ep =  3.64568038616325e-05   IH.em =  3.6095845407557e-05

OH.i =  235   OH.r =  0.00383164672531003
OH.ep =  3.83164672531003e-05   OH.em =  3.79370962901983e-05



supercritical A  =  0.300000002277927

IH.i =  230   IH.r =  0.00364568038616325
IH.ep =  3.64568038616325e-05   IH.em =  3.6095845407557e-05

OH.i =  235   OH.r =  0.00383164672531003
OH.ep =  3.83164672531003e-05   OH.em =  3.79370962901983e-05



supercritical A  =  0.300000007562984

IH.i =  230   IH.r =  0.00364568038616325
IH.ep =  3.64568038616325e-05   IH.em =  3.6095845407557e-05

OH.i =  235   OH.r =  0.00383164672531003
OH.ep =  3.83164672531003e-05   OH.em =  3.79370962901983e-05



supercritical A  =  0.300000003398268

IH.i =  230   IH.r =  0.00364568038616325
IH.ep =  3.64568038616325e-05   IH.em =  3.6095845407557e-05

OH.i =  235   OH.r =  0.00383164672531003
OH.ep =  3.83164672531003e-05   OH.em =  3.79370962901983e-05



supercritical A  =  0.300000004587182

IH.i =  230   IH.r =  0.00364568038616325
IH.ep =  3.64568038616325e-05   IH.em =  3.6095845407557e-05

OH.i =  235   OH.r =  0.00383164672531003
OH.ep =  3.83164672531003e-05   OH.em =  3.79370962901983e-05



supercritical A  =  0.300000006843271

IH.i =  230   IH.r =  0.00364568038616325
IH.ep =  3.64568038616325e-05   IH.em =  3.6095845407557e-05

OH.i =  235   OH.r =  0.00383164672531003
OH.ep =  3.83164672531003e-05   OH.em =  3.79370962901983e-05



supercritical A  =  0.300000002517499

IH.i =  230   IH.r =  0.00364568038616325
IH.ep =  3.64568038616325e-05   IH.em =  3.6095845407557e-05

OH.i =  235   OH.r =  0.00383164672531003
OH.ep =  3.83164672531003e-05   OH.em =  3.79370962901983e-05



supercritical A  =  0.30000000506962

IH.i =  230   IH.r =  0.00364568038616325
IH.ep =  3.64568038616325e-05   IH.em =  3.6095845407557e-05

OH.i =  235   OH.r =  0.00383164672531003
OH.ep =  3.83164672531003e-05   OH.em =  3.79370962901983e-05



supercritical A  =  0.300000002782266

IH.i =  230   IH.r =  0.00364568038616325
IH.ep =  3.64568038616325e-05   IH.em =  3.6095845407557e-05

OH.i =  235   OH.r =  0.00383164672531003
OH.ep =  3.83164672531003e-05   OH.em =  3.79370962901983e-05



supercritical A  =  0.300000005602796

IH.i =  230   IH.r =  0.00364568038616325
IH.ep =  3.64568038616325e-05   IH.em =  3.6095845407557e-05

OH.i =  235   OH.r =  0.00383164672531003
OH.ep =  3.83164672531003e-05   OH.em =  3.79370962901983e-05



supercritical A  =  0.30000000307488

IH.i =  230   IH.r =  0.00364568038616325
IH.ep =  3.64568038616325e-05   IH.em =  3.6095845407557e-05

OH.i =  235   OH.r =  0.00383164672531003
OH.ep =  3.83164672531003e-05   OH.em =  3.79370962901983e-05



supercritical A  =  0.30000000923745

IH.i =  230   IH.r =  0.00364568038616325
IH.ep =  3.64568038616325e-05   IH.em =  3.6095845407557e-05

OH.i =  235   OH.r =  0.00383164672531003
OH.ep =  3.83164672531003e-05   OH.em =  3.79370962901983e-05



supercritical A  =  0.30000000835839

IH.i =  230   IH.r =  0.00364568038616325
IH.ep =  3.64568038616325e-05   IH.em =  3.6095845407557e-05

OH.i =  235   OH.r =  0.00383164672531003
OH.ep =  3.83164672531003e-05   OH.em =  3.79370962901983e-05



supercritical A  =  0.300000010208961

IH.i =  230   IH.r =  0.00364568038616325
IH.ep =  3.64568038616325e-05   IH.em =  3.6095845407557e-05

OH.i =  235   OH.r =  0.00383164672531003
OH.ep =  3.83164672531003e-05   OH.em =  3.79370962901983e-05



supercritical A  =  0.300000011282646

IH.i =  230   IH.r =  0.00364568038616325
IH.ep =  3.64568038616325e-05   IH.em =  3.6095845407557e-05

OH.i =  235   OH.r =  0.00383164672531003
OH.ep =  3.83164672531003e-05   OH.em =  3.79370962901983e-05



supercritical A  =  0.30000001522998

IH.i =  230   IH.r =  0.00364568038616325
IH.ep =  3.64568038616325e-05   IH.em =  3.6095845407557e-05

OH.i =  235   OH.r =  0.00383164672531003
OH.ep =  3.83164672531003e-05   OH.em =  3.79370962901983e-05



supercritical A  =  0.300000037459706

IH.i =  230   IH.r =  0.00364568038616325
IH.ep =  3.64568038616325e-05   IH.em =  3.6095845407557e-05

OH.i =  235   OH.r =  0.00383164672531003
OH.ep =  3.83164672531003e-05   OH.em =  3.79370962901983e-05



supercritical A  =  0.300000020558322

IH.i =  230   IH.r =  0.00364568038616325
IH.ep =  3.64568038616325e-05   IH.em =  3.6095845407557e-05

OH.i =  235   OH.r =  0.00383164672531003
OH.ep =  3.83164672531003e-05   OH.em =  3.79370962901983e-05



supercritical A  =  0.30000002272046

IH.i =  230   IH.r =  0.00364568038616325
IH.ep =  3.64568038616325e-05   IH.em =  3.6095845407557e-05

OH.i =  235   OH.r =  0.00383164672531003
OH.ep =  3.83164672531003e-05   OH.em =  3.79370962901983e-05



supercritical A  =  0.300000018601939

IH.i =  230   IH.r =  0.00364568038616325
IH.ep =  3.64568038616325e-05   IH.em =  3.6095845407557e-05

OH.i =  235   OH.r =  0.00383164672531003
OH.ep =  3.83164672531003e-05   OH.em =  3.79370962901983e-05



supercritical A  =  0.300000016831731

IH.i =  230   IH.r =  0.00364568038616325
IH.ep =  3.64568038616325e-05   IH.em =  3.6095845407557e-05

OH.i =  235   OH.r =  0.00383164672531003
OH.ep =  3.83164672531003e-05   OH.em =  3.79370962901983e-05



supercritical A  =  0.300000030669413

IH.i =  230   IH.r =  0.00364568038616325
IH.ep =  3.64568038616325e-05   IH.em =  3.6095845407557e-05

OH.i =  235   OH.r =  0.00383164672531003
OH.ep =  3.83164672531003e-05   OH.em =  3.79370962901983e-05



supercritical A  =  0.300000013780656

IH.i =  230   IH.r =  0.00364568038616325
IH.ep =  3.64568038616325e-05   IH.em =  3.6095845407557e-05

OH.i =  235   OH.r =  0.00383164672531003
OH.ep =  3.83164672531003e-05   OH.em =  3.79370962901983e-05



supercritical A  =  0.300000012469253

IH.i =  230   IH.r =  0.00364568038616325
IH.ep =  3.64568038616325e-05   IH.em =  3.6095845407557e-05

OH.i =  235   OH.r =  0.00383164672531003
OH.ep =  3.83164672531003e-05   OH.em =  3.79370962901983e-05



supercritical A  =  0.300000033894943

IH.i =  230   IH.r =  0.00364568038616325
IH.ep =  3.64568038616325e-05   IH.em =  3.6095845407557e-05

OH.i =  235   OH.r =  0.00383164672531003
OH.ep =  3.83164672531003e-05   OH.em =  3.79370962901983e-05



supercritical A  =  0.300000025109992

IH.i =  230   IH.r =  0.00364568038616325
IH.ep =  3.64568038616325e-05   IH.em =  3.6095845407557e-05

OH.i =  235   OH.r =  0.00383164672531003
OH.ep =  3.83164672531003e-05   OH.em =  3.79370962901983e-05



supercritical A  =  0.300000027750832

IH.i =  230   IH.r =  0.00364568038616325
IH.ep =  3.64568038616325e-05   IH.em =  3.6095845407557e-05

OH.i =  235   OH.r =  0.00383164672531003
OH.ep =  3.83164672531003e-05   OH.em =  3.79370962901983e-05



supercritical A  =  0.300000041399377

IH.i =  233   IH.r =  0.00375614814754439
IH.ep =  3.75614814754439e-05   IH.em =  3.71895856192514e-05

OH.i =  233   OH.r =  0.00375614814754439
OH.ep =  3.75614814754439e-05   OH.em =  3.71895856192514e-05



supercritical A  =  0.300000045753388

IH.i =  233   IH.r =  0.00375614814754439
IH.ep =  3.75614814754439e-05   IH.em =  3.71895856192514e-05

OH.i =  233   OH.r =  0.00375614814754439
OH.ep =  3.75614814754439e-05   OH.em =  3.71895856192514e-05



supercritical A  =  0.300000050565313

IH.i =  233   IH.r =  0.00375614814754439
IH.ep =  3.75614814754439e-05   IH.em =  3.71895856192514e-05

OH.i =  233   OH.r =  0.00375614814754439
OH.ep =  3.75614814754439e-05   OH.em =  3.71895856192514e-05



supercritical A  =  0.300000055883314

IH.i =  233   IH.r =  0.00375614814754439
IH.ep =  3.75614814754439e-05   IH.em =  3.71895856192514e-05

OH.i =  233   OH.r =  0.00375614814754439
OH.ep =  3.75614814754439e-05   OH.em =  3.71895856192514e-05



supercritical A  =  0.300000068256034

IH.i =  233   IH.r =  0.00375614814754439
IH.ep =  3.75614814754439e-05   IH.em =  3.71895856192514e-05

OH.i =  233   OH.r =  0.00375614814754439
OH.ep =  3.75614814754439e-05   OH.em =  3.71895856192514e-05



supercritical A  =  0.300000075434584

IH.i =  233   IH.r =  0.00375614814754439
IH.ep =  3.75614814754439e-05   IH.em =  3.71895856192514e-05

OH.i =  233   OH.r =  0.00375614814754439
OH.ep =  3.75614814754439e-05   OH.em =  3.71895856192514e-05



supercritical A  =  0.300000061760613

IH.i =  233   IH.r =  0.00375614814754439
IH.ep =  3.75614814754439e-05   IH.em =  3.71895856192514e-05

OH.i =  233   OH.r =  0.00375614814754439
OH.ep =  3.75614814754439e-05   OH.em =  3.71895856192514e-05



supercritical A  =  0.300000083368108

IH.i =  233   IH.r =  0.00375614814754439
IH.ep =  3.75614814754439e-05   IH.em =  3.71895856192514e-05

OH.i =  233   OH.r =  0.00375614814754439
OH.ep =  3.75614814754439e-05   OH.em =  3.71895856192514e-05



supercritical A  =  0.300000092136008

IH.i =  233   IH.r =  0.00375614814754439
IH.ep =  3.75614814754439e-05   IH.em =  3.71895856192514e-05

OH.i =  233   OH.r =  0.00375614814754439
OH.ep =  3.75614814754439e-05   OH.em =  3.71895856192514e-05



supercritical A  =  0.300000101826037

IH.i =  233   IH.r =  0.00375614814754439
IH.ep =  3.75614814754439e-05   IH.em =  3.71895856192514e-05

OH.i =  233   OH.r =  0.00375614814754439
OH.ep =  3.75614814754439e-05   OH.em =  3.71895856192514e-05



supercritical A  =  0.300000124370602

IH.i =  233   IH.r =  0.00375614814754439
IH.ep =  3.75614814754439e-05   IH.em =  3.71895856192514e-05

OH.i =  233   OH.r =  0.00375614814754439
OH.ep =  3.75614814754439e-05   OH.em =  3.71895856192514e-05



supercritical A  =  0.300000112535175

IH.i =  233   IH.r =  0.00375614814754439
IH.ep =  3.75614814754439e-05   IH.em =  3.71895856192514e-05

OH.i =  233   OH.r =  0.00375614814754439
OH.ep =  3.75614814754439e-05   OH.em =  3.71895856192514e-05



supercritical A  =  0.300000137450773

IH.i =  233   IH.r =  0.00375614814754439
IH.ep =  3.75614814754439e-05   IH.em =  3.71895856192514e-05

OH.i =  233   OH.r =  0.00375614814754439
OH.ep =  3.75614814754439e-05   OH.em =  3.71895856192514e-05



supercritical A  =  0.300000205052458

IH.i =  232   IH.r =  0.00371895856192514
IH.ep =  3.71895856192514e-05   IH.em =  3.68213719002489e-05

OH.i =  233   OH.r =  0.00375614814754439
OH.ep =  3.75614814754439e-05   OH.em =  3.71895856192514e-05



supercritical A  =  0.300000185539136

IH.i =  232   IH.r =  0.00371895856192514
IH.ep =  3.71895856192514e-05   IH.em =  3.68213719002489e-05

OH.i =  233   OH.r =  0.00375614814754439
OH.ep =  3.75614814754439e-05   OH.em =  3.71895856192514e-05



supercritical A  =  0.300000167882753

IH.i =  232   IH.r =  0.00371895856192514
IH.ep =  3.71895856192514e-05   IH.em =  3.68213719002489e-05

OH.i =  233   OH.r =  0.00375614814754439
OH.ep =  3.75614814754439e-05   OH.em =  3.71895856192514e-05



supercritical A  =  0.300000226618013

IH.i =  232   IH.r =  0.00371895856192514
IH.ep =  3.71895856192514e-05   IH.em =  3.68213719002489e-05

OH.i =  233   OH.r =  0.00375614814754439
OH.ep =  3.75614814754439e-05   OH.em =  3.71895856192514e-05



supercritical A  =  0.300000151906597

IH.i =  232   IH.r =  0.00371895856192514
IH.ep =  3.71895856192514e-05   IH.em =  3.68213719002489e-05

OH.i =  233   OH.r =  0.00375614814754439
OH.ep =  3.75614814754439e-05   OH.em =  3.71895856192514e-05



supercritical A  =  0.30000030590232

IH.i =  232   IH.r =  0.00371895856192514
IH.ep =  3.71895856192514e-05   IH.em =  3.68213719002489e-05

OH.i =  234   OH.r =  0.00379370962901983
OH.ep =  3.79370962901983e-05   OH.em =  3.75614814754439e-05



supercritical A  =  0.300000250451637

IH.i =  232   IH.r =  0.00371895856192514
IH.ep =  3.71895856192514e-05   IH.em =  3.68213719002489e-05

OH.i =  234   OH.r =  0.00379370962901983
OH.ep =  3.79370962901983e-05   OH.em =  3.75614814754439e-05



supercritical A  =  0.300000276791866

IH.i =  232   IH.r =  0.00371895856192514
IH.ep =  3.71895856192514e-05   IH.em =  3.68213719002489e-05

OH.i =  234   OH.r =  0.00379370962901983
OH.ep =  3.79370962901983e-05   OH.em =  3.75614814754439e-05



supercritical A  =  0.300000456352637

IH.i =  232   IH.r =  0.00371895856192514
IH.ep =  3.71895856192514e-05   IH.em =  3.68213719002489e-05

OH.i =  234   OH.r =  0.00379370962901983
OH.ep =  3.79370962901983e-05   OH.em =  3.75614814754439e-05



supercritical A  =  0.300000373629938

IH.i =  232   IH.r =  0.00371895856192514
IH.ep =  3.71895856192514e-05   IH.em =  3.68213719002489e-05

OH.i =  234   OH.r =  0.00379370962901983
OH.ep =  3.79370962901983e-05   OH.em =  3.75614814754439e-05



supercritical A  =  0.300000557390369

IH.i =  232   IH.r =  0.00371895856192514
IH.ep =  3.71895856192514e-05   IH.em =  3.68213719002489e-05

OH.i =  234   OH.r =  0.00379370962901983
OH.ep =  3.79370962901983e-05   OH.em =  3.75614814754439e-05



supercritical A  =  0.300000680798134

IH.i =  231   IH.r =  0.00368213719002489
IH.ep =  3.68213719002489e-05   IH.em =  3.64568038616325e-05

OH.i =  234   OH.r =  0.00379370962901983
OH.ep =  3.79370962901983e-05   OH.em =  3.75614814754439e-05



supercritical A  =  0.300000504347663

IH.i =  232   IH.r =  0.00371895856192514
IH.ep =  3.71895856192514e-05   IH.em =  3.68213719002489e-05

OH.i =  234   OH.r =  0.00379370962901983
OH.ep =  3.79370962901983e-05   OH.em =  3.75614814754439e-05



supercritical A  =  0.300000338074348

IH.i =  232   IH.r =  0.00371895856192514
IH.ep =  3.71895856192514e-05   IH.em =  3.68213719002489e-05

OH.i =  234   OH.r =  0.00379370962901983
OH.ep =  3.79370962901983e-05   OH.em =  3.75614814754439e-05



supercritical A  =  0.300000616011626

IH.i =  232   IH.r =  0.00371895856192514
IH.ep =  3.71895856192514e-05   IH.em =  3.68213719002489e-05

OH.i =  234   OH.r =  0.00379370962901983
OH.ep =  3.79370962901983e-05   OH.em =  3.75614814754439e-05



supercritical A  =  0.300000752398299

IH.i =  231   IH.r =  0.00368213719002489
IH.ep =  3.68213719002489e-05   IH.em =  3.64568038616325e-05

OH.i =  234   OH.r =  0.00379370962901983
OH.ep =  3.79370962901983e-05   OH.em =  3.75614814754439e-05



supercritical A  =  0.300000918981358

IH.i =  231   IH.r =  0.00368213719002489
IH.ep =  3.68213719002489e-05   IH.em =  3.64568038616325e-05

OH.i =  234   OH.r =  0.00379370962901983
OH.ep =  3.79370962901983e-05   OH.em =  3.75614814754439e-05



supercritical A  =  0.300001122446365

IH.i =  231   IH.r =  0.00368213719002489
IH.ep =  3.68213719002489e-05   IH.em =  3.64568038616325e-05

OH.i =  235   OH.r =  0.00383164672531003
OH.ep =  3.83164672531003e-05   OH.em =  3.79370962901983e-05



supercritical A  =  0.300000831528719

IH.i =  231   IH.r =  0.00368213719002489
IH.ep =  3.68213719002489e-05   IH.em =  3.64568038616325e-05

OH.i =  234   OH.r =  0.00379370962901983
OH.ep =  3.79370962901983e-05   OH.em =  3.75614814754439e-05



supercritical A  =  0.300001015631471

IH.i =  231   IH.r =  0.00368213719002489
IH.ep =  3.68213719002489e-05   IH.em =  3.64568038616325e-05

OH.i =  235   OH.r =  0.00383164672531003
OH.ep =  3.83164672531003e-05   OH.em =  3.79370962901983e-05



supercritical A  =  0.300001674493209

IH.i =  231   IH.r =  0.00368213719002489
IH.ep =  3.68213719002489e-05   IH.em =  3.64568038616325e-05

OH.i =  235   OH.r =  0.00383164672531003
OH.ep =  3.83164672531003e-05   OH.em =  3.79370962901983e-05



supercritical A  =  0.30000124049508

IH.i =  231   IH.r =  0.00368213719002489
IH.ep =  3.68213719002489e-05   IH.em =  3.64568038616325e-05

OH.i =  235   OH.r =  0.00383164672531003
OH.ep =  3.83164672531003e-05   OH.em =  3.79370962901983e-05



supercritical A  =  0.300001850601198

IH.i =  230   IH.r =  0.00364568038616325
IH.ep =  3.64568038616325e-05   IH.em =  3.6095845407557e-05

OH.i =  235   OH.r =  0.00383164672531003
OH.ep =  3.83164672531003e-05   OH.em =  3.79370962901983e-05



supercritical A  =  0.300002045230625

IH.i =  230   IH.r =  0.00364568038616325
IH.ep =  3.64568038616325e-05   IH.em =  3.6095845407557e-05

OH.i =  235   OH.r =  0.00383164672531003
OH.ep =  3.83164672531003e-05   OH.em =  3.79370962901983e-05



supercritical A  =  0.300001370959086

IH.i =  231   IH.r =  0.00368213719002489
IH.ep =  3.68213719002489e-05   IH.em =  3.64568038616325e-05

OH.i =  235   OH.r =  0.00383164672531003
OH.ep =  3.83164672531003e-05   OH.em =  3.79370962901983e-05



supercritical A  =  0.300002498050326

IH.i =  232   IH.r =  0.00371895856192514
IH.ep =  3.71895856192514e-05   IH.em =  3.68213719002489e-05

OH.i =  234   OH.r =  0.00379370962901983
OH.ep =  3.79370962901983e-05   OH.em =  3.75614814754439e-05



supercritical A  =  0.300002760772572

IH.i =  231   IH.r =  0.00368213719002489
IH.ep =  3.68213719002489e-05   IH.em =  3.64568038616325e-05

OH.i =  234   OH.r =  0.00379370962901983
OH.ep =  3.79370962901983e-05   OH.em =  3.75614814754439e-05



supercritical A  =  0.300001515144112

IH.i =  231   IH.r =  0.00368213719002489
IH.ep =  3.68213719002489e-05   IH.em =  3.64568038616325e-05

OH.i =  235   OH.r =  0.00383164672531003
OH.ep =  3.83164672531003e-05   OH.em =  3.79370962901983e-05



supercritical A  =  0.300002260329407

IH.i =  232   IH.r =  0.00371895856192514
IH.ep =  3.71895856192514e-05   IH.em =  3.68213719002489e-05

OH.i =  234   OH.r =  0.00379370962901983
OH.ep =  3.79370962901983e-05   OH.em =  3.75614814754439e-05



supercritical A  =  0.300003726653172

IH.i =  231   IH.r =  0.00368213719002489
IH.ep =  3.68213719002489e-05   IH.em =  3.64568038616325e-05

OH.i =  235   OH.r =  0.00383164672531003
OH.ep =  3.83164672531003e-05   OH.em =  3.79370962901983e-05



supercritical A  =  0.300003051125558

IH.i =  231   IH.r =  0.00368213719002489
IH.ep =  3.68213719002489e-05   IH.em =  3.64568038616325e-05

OH.i =  235   OH.r =  0.00383164672531003
OH.ep =  3.83164672531003e-05   OH.em =  3.79370962901983e-05



supercritical A  =  0.300004118588708

IH.i =  233   IH.r =  0.00375614814754439
IH.ep =  3.75614814754439e-05   IH.em =  3.71895856192514e-05

OH.i =  233   OH.r =  0.00375614814754439
OH.ep =  3.75614814754439e-05   OH.em =  3.71895856192514e-05



supercritical A  =  0.300003372015234

IH.i =  231   IH.r =  0.00368213719002489
IH.ep =  3.68213719002489e-05   IH.em =  3.64568038616325e-05

OH.i =  235   OH.r =  0.00383164672531003
OH.ep =  3.83164672531003e-05   OH.em =  3.79370962901983e-05



supercritical A  =  0.300004551744463

IH.i =  232   IH.r =  0.00371895856192514
IH.ep =  3.71895856192514e-05   IH.em =  3.68213719002489e-05

OH.i =  234   OH.r =  0.00379370962901983
OH.ep =  3.79370962901983e-05   OH.em =  3.75614814754439e-05



supercritical A  =  0.300005030455607

IH.i =  231   IH.r =  0.00368213719002489
IH.ep =  3.68213719002489e-05   IH.em =  3.64568038616325e-05

OH.i =  235   OH.r =  0.00383164672531003
OH.ep =  3.83164672531003e-05   OH.em =  3.79370962901983e-05



supercritical A  =  0.300007504557915

IH.i =  231   IH.r =  0.00368213719002489
IH.ep =  3.68213719002489e-05   IH.em =  3.64568038616325e-05

OH.i =  235   OH.r =  0.00383164672531003
OH.ep =  3.83164672531003e-05   OH.em =  3.79370962901983e-05



supercritical A  =  0.300005559513242

IH.i =  231   IH.r =  0.00368213719002489
IH.ep =  3.68213719002489e-05   IH.em =  3.64568038616325e-05

OH.i =  235   OH.r =  0.00383164672531003
OH.ep =  3.83164672531003e-05   OH.em =  3.79370962901983e-05



supercritical A  =  0.300006144212353

IH.i =  233   IH.r =  0.00375614814754439
IH.ep =  3.75614814754439e-05   IH.em =  3.71895856192514e-05

OH.i =  233   OH.r =  0.00375614814754439
OH.ep =  3.75614814754439e-05   OH.em =  3.71895856192514e-05



supercritical A  =  0.300006790404807

IH.i =  231   IH.r =  0.00368213719002489
IH.ep =  3.68213719002489e-05   IH.em =  3.64568038616325e-05

OH.i =  234   OH.r =  0.00379370962901983
OH.ep =  3.79370962901983e-05   OH.em =  3.75614814754439e-05



supercritical A  =  0.300008293819161

IH.i =  232   IH.r =  0.00371895856192514
IH.ep =  3.71895856192514e-05   IH.em =  3.68213719002489e-05

OH.i =  233   OH.r =  0.00375614814754439
OH.ep =  3.75614814754439e-05   OH.em =  3.71895856192514e-05



supercritical A  =  0.300009166087736

IH.i =  231   IH.r =  0.00368213719002489
IH.ep =  3.68213719002489e-05   IH.em =  3.64568038616325e-05

OH.i =  235   OH.r =  0.00383164672531003
OH.ep =  3.83164672531003e-05   OH.em =  3.79370962901983e-05



supercritical A  =  0.300018458233996

IH.i =  232   IH.r =  0.00371895856192514
IH.ep =  3.71895856192514e-05   IH.em =  3.68213719002489e-05

OH.i =  234   OH.r =  0.00379370962901983
OH.ep =  3.79370962901983e-05   OH.em =  3.75614814754439e-05



supercritical A  =  0.300011195484843

IH.i =  231   IH.r =  0.00368213719002489
IH.ep =  3.68213719002489e-05   IH.em =  3.64568038616325e-05

OH.i =  235   OH.r =  0.00383164672531003
OH.ep =  3.83164672531003e-05   OH.em =  3.79370962901983e-05



supercritical A  =  0.300010130093599

IH.i =  230   IH.r =  0.00364568038616325
IH.ep =  3.64568038616325e-05   IH.em =  3.6095845407557e-05

OH.i =  235   OH.r =  0.00383164672531003
OH.ep =  3.83164672531003e-05   OH.em =  3.79370962901983e-05



supercritical A  =  0.300013674196066

IH.i =  231   IH.r =  0.00368213719002489
IH.ep =  3.68213719002489e-05   IH.em =  3.64568038616325e-05

OH.i =  235   OH.r =  0.00383164672531003
OH.ep =  3.83164672531003e-05   OH.em =  3.79370962901983e-05



supercritical A  =  0.30001670170079

IH.i =  232   IH.r =  0.00371895856192514
IH.ep =  3.71895856192514e-05   IH.em =  3.68213719002489e-05

OH.i =  234   OH.r =  0.00379370962901983
OH.ep =  3.79370962901983e-05   OH.em =  3.75614814754439e-05



supercritical A  =  0.300012372924262

IH.i =  232   IH.r =  0.00371895856192514
IH.ep =  3.71895856192514e-05   IH.em =  3.68213719002489e-05

OH.i =  234   OH.r =  0.00379370962901983
OH.ep =  3.79370962901983e-05   OH.em =  3.75614814754439e-05



supercritical A  =  0.300020399503411

IH.i =  232   IH.r =  0.00371895856192514
IH.ep =  3.71895856192514e-05   IH.em =  3.68213719002489e-05

OH.i =  233   OH.r =  0.00375614814754439
OH.ep =  3.75614814754439e-05   OH.em =  3.71895856192514e-05



supercritical A  =  0.30001511232382

IH.i =  231   IH.r =  0.00368213719002489
IH.ep =  3.68213719002489e-05   IH.em =  3.64568038616325e-05

OH.i =  235   OH.r =  0.00383164672531003
OH.ep =  3.83164672531003e-05   OH.em =  3.79370962901983e-05



supercritical A  =  0.300022544937913

IH.i =  232   IH.r =  0.00371895856192514
IH.ep =  3.71895856192514e-05   IH.em =  3.68213719002489e-05

OH.i =  234   OH.r =  0.00379370962901983
OH.ep =  3.79370962901983e-05   OH.em =  3.75614814754439e-05



supercritical A  =  0.300000412924942

IH.i =  232   IH.r =  0.00371895856192514
IH.ep =  3.71895856192514e-05   IH.em =  3.68213719002489e-05

OH.i =  234   OH.r =  0.00379370962901983
OH.ep =  3.79370962901983e-05   OH.em =  3.75614814754439e-05



supercritical A  =  0.300024916009731

IH.i =  232   IH.r =  0.00371895856192514
IH.ep =  3.71895856192514e-05   IH.em =  3.68213719002489e-05

OH.i =  234   OH.r =  0.00379370962901983
OH.ep =  3.79370962901983e-05   OH.em =  3.75614814754439e-05



supercritical A  =  0.30002753644935

IH.i =  231   IH.r =  0.00368213719002489
IH.ep =  3.68213719002489e-05   IH.em =  3.64568038616325e-05

OH.i =  235   OH.r =  0.00383164672531003
OH.ep =  3.83164672531003e-05   OH.em =  3.79370962901983e-05



supercritical A  =  0.300030432483008

IH.i =  233   IH.r =  0.00375614814754439
IH.ep =  3.75614814754439e-05   IH.em =  3.71895856192514e-05

OH.i =  233   OH.r =  0.00375614814754439
OH.ep =  3.75614814754439e-05   OH.em =  3.71895856192514e-05



supercritical A  =  0.300033633095186

IH.i =  231   IH.r =  0.00368213719002489
IH.ep =  3.68213719002489e-05   IH.em =  3.64568038616325e-05

OH.i =  235   OH.r =  0.00383164672531003
OH.ep =  3.83164672531003e-05   OH.em =  3.79370962901983e-05



supercritical A  =  0.300037170318684

IH.i =  231   IH.r =  0.00368213719002489
IH.ep =  3.68213719002489e-05   IH.em =  3.64568038616325e-05

OH.i =  234   OH.r =  0.00379370962901983
OH.ep =  3.79370962901983e-05   OH.em =  3.75614814754439e-05



supercritical A  =  0.300041079555225

IH.i =  232   IH.r =  0.00371895856192514
IH.ep =  3.71895856192514e-05   IH.em =  3.68213719002489e-05

OH.i =  234   OH.r =  0.00379370962901983
OH.ep =  3.79370962901983e-05   OH.em =  3.75614814754439e-05

